<?xml version="1.0" encoding="UTF-8"?>
<testng-results total="1" passed="0" failed="1" skipped="0">
  <reporter-output>
    <line>
      <![CDATA[<h2>verify that search functionality works successfully</h2>]]>
    </line>
    <line>
      <![CDATA[<ol type='1'>]]>
    </line>
    <line>
      <![CDATA[<li>type in 'Sofia' in the orgine search box...<b><font color='green'>OK</font></b></li>]]>
    </line>
    <line>
      <![CDATA[<li>type in 'Dubai' in the destination search box...<b><font color='green'>OK</font></b></li>]]>
    </line>
    <line>
      <![CDATA[<li>select '11/11' as a departure date...<a href=screenshots/2018-11-11-120014900.png><b><font color='red'>FAILED!</font></b></a></li>]]>
    </line>
  </reporter-output>
  <suite started-at="2018-11-11T09:59:57Z" name="Default suite" finished-at="2018-11-11T10:00:16Z" duration-ms="19396">
    <groups>
      <group name="flights">
        <method signature="FlightTest.verifyThatFlightSearchWorksAccordingly()[pri:0, instance:tests.FlightTest@24269709]" name="verifyThatFlightSearchWorksAccordingly" class="tests.FlightTest"/>
      </group> <!-- flights -->
    </groups>
    <test started-at="2018-11-11T09:59:57Z" name="Default test" finished-at="2018-11-11T10:00:16Z" duration-ms="19396">
      <class name="tests.FlightTest">
        <test-method is-config="true" signature="testInitialize(java.lang.String)[pri:0, instance:tests.FlightTest@24269709]" started-at="2018-11-11T11:59:57Z" name="testInitialize" finished-at="2018-11-11T11:59:57Z" duration-ms="15" status="PASS">
          <params>
            <param index="0">
              <value>
                <![CDATA[config/config]]>
              </value>
            </param>
          </params>
          <reporter-output>
          </reporter-output>
        </test-method> <!-- testInitialize -->
        <test-method is-config="true" signature="testSetup(java.lang.String)[pri:0, instance:tests.FlightTest@24269709]" started-at="2018-11-11T11:59:57Z" name="testSetup" finished-at="2018-11-11T12:00:00Z" duration-ms="3186" status="PASS">
          <params>
            <param index="0">
              <value>
                <![CDATA[config/wdConfig]]>
              </value>
            </param>
          </params>
          <reporter-output>
          </reporter-output>
        </test-method> <!-- testSetup -->
        <test-method signature="verifyThatFlightSearchWorksAccordingly()[pri:0, instance:tests.FlightTest@24269709]" started-at="2018-11-11T12:00:00Z" name="verifyThatFlightSearchWorksAccordingly" finished-at="2018-11-11T12:00:16Z" duration-ms="15902" status="FAIL">
          <exception class="org.openqa.selenium.TimeoutException">
            <message>
              <![CDATA[Expected condition failed: waiting for visibility of element located by By.xpath: //input[@id='flights-search-departureDate-1'] (tried for 2 second(s) with 500 milliseconds interval)
Build info: version: '3.141.5', revision: 'd54ebd709a', time: '2018-11-06T11:58:47'
System info: host: 'DESKTOP-1H4NIMK', ip: '192.168.1.102', os.name: 'Windows 10', os.arch: 'amd64', os.version: '10.0', java.version: '10.0.1'
Driver info: org.openqa.selenium.support.events.EventFiringWebDriver
Capabilities {acceptInsecureCerts: false, acceptSslCerts: false, applicationCacheEnabled: false, browserConnectionEnabled: false, browserName: chrome, chrome: {chromedriverVersion: 2.41.578737 (49da6702b16031..., userDataDir: C:\Users\Ali\AppData\Local\...}, cssSelectorsEnabled: true, databaseEnabled: false, goog:chromeOptions: {debuggerAddress: localhost:57261}, handlesAlerts: true, hasTouchScreen: false, javascriptEnabled: true, locationContextEnabled: true, mobileEmulationEnabled: false, nativeEvents: true, networkConnectionEnabled: false, pageLoadStrategy: normal, platform: XP, platformName: XP, rotatable: false, setWindowRect: true, takesHeapSnapshot: true, takesScreenshot: true, unexpectedAlertBehaviour: , unhandledPromptBehavior: , version: 70.0.3538.102, webStorageEnabled: true, webdriver.remote.sessionid: 9def321594e08399c79bd6bca1c...}
Session ID: 9def321594e08399c79bd6bca1c411fd]]>
            </message>
            <full-stacktrace>
              <![CDATA[org.openqa.selenium.TimeoutException: Expected condition failed: waiting for visibility of element located by By.xpath: //input[@id='flights-search-departureDate-1'] (tried for 2 second(s) with 500 milliseconds interval)
Build info: version: '3.141.5', revision: 'd54ebd709a', time: '2018-11-06T11:58:47'
System info: host: 'DESKTOP-1H4NIMK', ip: '192.168.1.102', os.name: 'Windows 10', os.arch: 'amd64', os.version: '10.0', java.version: '10.0.1'
Driver info: org.openqa.selenium.support.events.EventFiringWebDriver
Capabilities {acceptInsecureCerts: false, acceptSslCerts: false, applicationCacheEnabled: false, browserConnectionEnabled: false, browserName: chrome, chrome: {chromedriverVersion: 2.41.578737 (49da6702b16031..., userDataDir: C:\Users\Ali\AppData\Local\...}, cssSelectorsEnabled: true, databaseEnabled: false, goog:chromeOptions: {debuggerAddress: localhost:57261}, handlesAlerts: true, hasTouchScreen: false, javascriptEnabled: true, locationContextEnabled: true, mobileEmulationEnabled: false, nativeEvents: true, networkConnectionEnabled: false, pageLoadStrategy: normal, platform: XP, platformName: XP, rotatable: false, setWindowRect: true, takesHeapSnapshot: true, takesScreenshot: true, unexpectedAlertBehaviour: , unhandledPromptBehavior: , version: 70.0.3538.102, webStorageEnabled: true, webdriver.remote.sessionid: 9def321594e08399c79bd6bca1c...}
Session ID: 9def321594e08399c79bd6bca1c411fd
	at org.openqa.selenium.support.ui.WebDriverWait.timeoutException(WebDriverWait.java:95)
	at org.openqa.selenium.support.ui.FluentWait.until(FluentWait.java:272)
	at core.automation.Element.webElement(Element.java:31)
	at core.automation.Element.webElement(Element.java:20)
	at core.automation.SeleniumDriverCore.click(SeleniumDriverCore.java:265)
	at bl.flights.Flights.selectDepartureDate(Flights.java:101)
	at tests.FlightTest.verifyThatFlightSearchWorksAccordingly(FlightTest.java:40)
	at java.base/jdk.internal.reflect.NativeMethodAccessorImpl.invoke0(Native Method)
	at java.base/jdk.internal.reflect.NativeMethodAccessorImpl.invoke(NativeMethodAccessorImpl.java:62)
	at java.base/jdk.internal.reflect.DelegatingMethodAccessorImpl.invoke(DelegatingMethodAccessorImpl.java:43)
	at java.base/java.lang.reflect.Method.invoke(Method.java:564)
	at org.testng.internal.MethodInvocationHelper.invokeMethod(MethodInvocationHelper.java:84)
	at org.testng.internal.Invoker.invokeMethod(Invoker.java:714)
	at org.testng.internal.Invoker.invokeTestMethod(Invoker.java:901)
	at org.testng.internal.Invoker.invokeTestMethods(Invoker.java:1231)
	at org.testng.internal.TestMethodWorker.invokeTestMethods(TestMethodWorker.java:127)
	at org.testng.internal.TestMethodWorker.run(TestMethodWorker.java:111)
	at org.testng.TestRunner.privateRun(TestRunner.java:767)
	at org.testng.TestRunner.run(TestRunner.java:617)
	at org.testng.SuiteRunner.runTest(SuiteRunner.java:335)
	at org.testng.SuiteRunner.runSequentially(SuiteRunner.java:330)
	at org.testng.SuiteRunner.privateRun(SuiteRunner.java:291)
	at org.testng.SuiteRunner.run(SuiteRunner.java:240)
	at org.testng.SuiteRunnerWorker.runSuite(SuiteRunnerWorker.java:52)
	at org.testng.SuiteRunnerWorker.run(SuiteRunnerWorker.java:86)
	at org.testng.TestNG.runSuitesSequentially(TestNG.java:1224)
	at org.testng.TestNG.runSuitesLocally(TestNG.java:1149)
	at org.testng.TestNG.run(TestNG.java:1057)
	at org.testng.remote.AbstractRemoteTestNG.run(AbstractRemoteTestNG.java:114)
	at org.testng.remote.RemoteTestNG.initAndRun(RemoteTestNG.java:251)
	at org.testng.remote.RemoteTestNG.main(RemoteTestNG.java:77)
]]>
            </full-stacktrace>
          </exception> <!-- org.openqa.selenium.TimeoutException -->
          <reporter-output>
            <line>
              <![CDATA[<h2>verify that search functionality works successfully</h2>]]>
            </line>
            <line>
              <![CDATA[<ol type='1'>]]>
            </line>
            <line>
              <![CDATA[<li>type in 'Sofia' in the orgine search box...<b><font color='green'>OK</font></b></li>]]>
            </line>
            <line>
              <![CDATA[<li>type in 'Dubai' in the destination search box...<b><font color='green'>OK</font></b></li>]]>
            </line>
            <line>
              <![CDATA[<li>select '11/11' as a departure date...<a href=screenshots/2018-11-11-120014900.png><b><font color='red'>FAILED!</font></b></a></li>]]>
            </line>
          </reporter-output>
        </test-method> <!-- verifyThatFlightSearchWorksAccordingly -->
        <test-method is-config="true" signature="testCleanUp()[pri:0, instance:tests.FlightTest@24269709]" started-at="2018-11-11T12:00:16Z" name="testCleanUp" finished-at="2018-11-11T12:00:16Z" duration-ms="276" status="PASS">
          <reporter-output>
          </reporter-output>
        </test-method> <!-- testCleanUp -->
      </class> <!-- tests.FlightTest -->
    </test> <!-- Default test -->
  </suite> <!-- Default suite -->
</testng-results>
